<?xml version="1.0" encoding="UTF-8"?>
<!-- Generated by org.testng.reporters.JUnitReportReporter -->
<testsuite hostname="Diinesh" name="DownloadFile" tests="1" failures="0" timestamp="22 May 2017 07:51:20 GMT" time="17.675" errors="0">
  <testcase name="downloadTest" time="17.675" classname="DownloadFile"/>
</testsuite> <!-- DownloadFile -->
