<?xml version="1.0" encoding="UTF-8"?>
<!-- Generated by org.testng.reporters.JUnitReportReporter -->
<testsuite hostname="Diinesh" name="WebTableElements" tests="1" failures="0" timestamp="10 May 2017 13:43:12 GMT" time="8.615" errors="0">
  <testcase name="tableElements" time="8.615" classname="WebTableElements"/>
</testsuite> <!-- WebTableElements -->
