<?xml version="1.0" encoding="UTF-8"?>
<!-- Generated by org.testng.reporters.JUnitReportReporter -->
<testsuite hostname="Diinesh" name="SavingDropdownElements" tests="1" failures="0" timestamp="10 May 2017 13:06:06 GMT" time="62.409" errors="0">
  <testcase name="elementsIntoExcel" time="62.409" classname="SavingDropdownElements"/>
</testsuite> <!-- SavingDropdownElements -->
