<?xml version="1.0" encoding="UTF-8"?>
<!-- Generated by org.testng.reporters.JUnitReportReporter -->
<testsuite hostname="Diinesh" name="LoginFlight" tests="1" failures="0" timestamp="31 May 2017 15:55:31 GMT" time="11.673" errors="0">
  <testcase name="loginTest" time="11.673" classname="LoginFlight"/>
</testsuite> <!-- LoginFlight -->
